<?xml version="1.0" encoding="UTF-8" ?>
<testsuite errors="0" failures="0" hostname="HUWN7085" name="NyeregTeszt" skipped="0" tests="4" time="0.179" timestamp="2022-04-26T12:11:51">
  <properties>
[...]
</properties>
  <testcase classname="NyeregTeszt" name="testMorra" time="0.018" />
  <testcase classname="NyeregTeszt" name="testBookSample" time="0.002" />
  <testcase classname="NyeregTeszt" name="testAlternatingOnes" time="0.003" />
  <testcase classname="NyeregTeszt" name="testFullZero" time="0.003" />
  <system-out><![CDATA[2.0, -3.0, 		SoriMinimum[0]=-3.0
-3.0, 4.0, 		SoriMinimum[1]=-3.0
2.0, -3.0, 		OszlopMaximum[0]=2.0
-3.0, 4.0, 		OszlopMaximum[1]=4.0
Sori minimumok maximuma: -3.0, oszlopok maximumának minimuma: 2.0
FizMatrix: Nem találtam nyeregpontot.
-3.0, -1.0, 4.0, 1.0, 		SoriMinimum[0]=-3.0
3.0, -2.0, 0.0, 1.0, 		SoriMinimum[1]=-2.0
2.0, -1.0, 2.0, 3.0, 		SoriMinimum[2]=-1.0
1.0, -4.0, -2.0, 6.0, 		SoriMinimum[3]=-4.0
-3.0, 3.0, 2.0, 1.0, 		OszlopMaximum[0]=3.0
-1.0, -2.0, -1.0, -4.0, 		OszlopMaximum[1]=-1.0
4.0, 0.0, 2.0, -2.0, 		OszlopMaximum[2]=4.0
1.0, 1.0, 3.0, 6.0, 		OszlopMaximum[3]=6.0
Sori minimumok maximuma: -1.0, oszlopok maximumának minimuma: -1.0
A minimumok maximuma egyezik a maximumok minimumával.
FizMatrix: Találtam nyeregpontot.
1.0, -1.0, 1.0, -1.0, 1.0, 		SoriMinimum[0]=-1.0
-1.0, 1.0, -1.0, 1.0, -1.0, 		SoriMinimum[1]=-1.0
1.0, -1.0, 1.0, -1.0, 1.0, 		SoriMinimum[2]=-1.0
-1.0, 1.0, -1.0, 1.0, -1.0, 		SoriMinimum[3]=-1.0
1.0, -1.0, 1.0, -1.0, 1.0, 		SoriMinimum[4]=-1.0
1.0, -1.0, 1.0, -1.0, 1.0, 		OszlopMaximum[0]=1.0
-1.0, 1.0, -1.0, 1.0, -1.0, 		OszlopMaximum[1]=1.0
1.0, -1.0, 1.0, -1.0, 1.0, 		OszlopMaximum[2]=1.0
-1.0, 1.0, -1.0, 1.0, -1.0, 		OszlopMaximum[3]=1.0
1.0, -1.0, 1.0, -1.0, 1.0, 		OszlopMaximum[4]=1.0
Sori minimumok maximuma: -1.0, oszlopok maximumának minimuma: 1.0
FizMatrix: Nem találtam nyeregpontot.
0.0, 0.0, 0.0, 0.0, 0.0, 		SoriMinimum[0]=0.0
0.0, 0.0, 0.0, 0.0, 0.0, 		SoriMinimum[1]=0.0
0.0, 0.0, 0.0, 0.0, 0.0, 		SoriMinimum[2]=0.0
0.0, 0.0, 0.0, 0.0, 0.0, 		SoriMinimum[3]=0.0
0.0, 0.0, 0.0, 0.0, 0.0, 		SoriMinimum[4]=0.0
0.0, 0.0, 0.0, 0.0, 0.0, 		OszlopMaximum[0]=0.0
0.0, 0.0, 0.0, 0.0, 0.0, 		OszlopMaximum[1]=0.0
0.0, 0.0, 0.0, 0.0, 0.0, 		OszlopMaximum[2]=0.0
0.0, 0.0, 0.0, 0.0, 0.0, 		OszlopMaximum[3]=0.0
0.0, 0.0, 0.0, 0.0, 0.0, 		OszlopMaximum[4]=0.0
Sori minimumok maximuma: 0.0, oszlopok maximumának minimuma: 0.0
A minimumok maximuma egyezik a maximumok minimumával.
FizMatrix: Találtam nyeregpontot.
]]></system-out>
  <system-err><![CDATA[]]></system-err>
</testsuite>
